[2025-05-20 02:25:09] Error: Failed to move uploaded file to /file_682bcbe5a7520.mp4
[2025-05-20 11:53:26] Error: Failed to move uploaded file to /file_682c51162e52d.docx
[2025-05-20 12:03:17] Error: SQLSTATE[22007]: Invalid datetime format: 1366 Incorrect integer value: '' for column `rinda_ams`.`folders`.`parent_id` at row 1
[2025-05-20 12:03:53] Error: SQLSTATE[22007]: Invalid datetime format: 1366 Incorrect integer value: '' for column `rinda_ams`.`folders`.`parent_id` at row 1
[2025-05-20 18:50:05] Error: SQLSTATE[22007]: Invalid datetime format: 1366 Incorrect integer value: '' for column `rinda_ams`.`folders`.`parent_id` at row 1
[2025-05-20 18:50:33] Error: SQLSTATE[22007]: Invalid datetime format: 1366 Incorrect integer value: '' for column `rinda_ams`.`folders`.`parent_id` at row 1
[2025-05-20 18:52:09] Error: SQLSTATE[22007]: Invalid datetime format: 1366 Incorrect integer value: '' for column `rinda_ams`.`folders`.`parent_id` at row 1
[2025-05-20 18:54:45] Error: Failed to move uploaded file to /file_682cb3d4f3ca8.docx
[2025-05-20 18:56:03] Error: Failed to move uploaded file to /file_682cb423e530e.wav
[2025-05-20 18:56:20] Error: SQLSTATE[22007]: Invalid datetime format: 1366 Incorrect integer value: '' for column `rinda_ams`.`folders`.`parent_id` at row 1
[2025-05-20 19:06:31] Error: SQLSTATE[22007]: Invalid datetime format: 1366 Incorrect integer value: '' for column `rinda_ams`.`folders`.`parent_id` at row 1
[2025-05-21 10:12:46] Database error: SQLSTATE[HY093]: Invalid parameter number: number of bound variables does not match number of tokens
[2025-05-21 10:12:55] Database error: SQLSTATE[HY093]: Invalid parameter number: number of bound variables does not match number of tokens
[2025-05-21 10:13:24] Database error: SQLSTATE[HY093]: Invalid parameter number: number of bound variables does not match number of tokens
[2025-05-21 10:13:34] Database error: SQLSTATE[HY093]: Invalid parameter number: number of bound variables does not match number of tokens
[2025-05-21 10:13:43] Database error: SQLSTATE[HY093]: Invalid parameter number: number of bound variables does not match number of tokens
[2025-05-21 10:14:20] Database error: SQLSTATE[HY093]: Invalid parameter number: number of bound variables does not match number of tokens
[2025-05-21 10:14:42] Database error: SQLSTATE[HY093]: Invalid parameter number: number of bound variables does not match number of tokens
[2025-05-21 10:14:59] Database error: SQLSTATE[HY093]: Invalid parameter number: number of bound variables does not match number of tokens
[2025-05-21 10:15:16] Database error: SQLSTATE[HY093]: Invalid parameter number: number of bound variables does not match number of tokens
[2025-05-21 10:15:56] Database error: SQLSTATE[42000]: Syntax error or access violation: 1064 You have an error in your SQL syntax; check the manual that corresponds to your MariaDB server version for the right syntax to use near '//     UNION ALL

// SELECT 
//     id, 
//     title, 
//     NULL AS file_n...' at line 11
[2025-05-21 10:15:59] Database error: SQLSTATE[42000]: Syntax error or access violation: 1064 You have an error in your SQL syntax; check the manual that corresponds to your MariaDB server version for the right syntax to use near '//     UNION ALL

// SELECT 
//     id, 
//     title, 
//     NULL AS file_n...' at line 11
[2025-05-21 10:16:03] Database error: SQLSTATE[42000]: Syntax error or access violation: 1064 You have an error in your SQL syntax; check the manual that corresponds to your MariaDB server version for the right syntax to use near '//     UNION ALL

// SELECT 
//     id, 
//     title, 
//     NULL AS file_n...' at line 11
[2025-05-21 10:16:07] Database error: SQLSTATE[42000]: Syntax error or access violation: 1064 You have an error in your SQL syntax; check the manual that corresponds to your MariaDB server version for the right syntax to use near '//     UNION ALL

// SELECT 
//     id, 
//     title, 
//     NULL AS file_n...' at line 11
[2025-05-21 10:16:11] Database error: SQLSTATE[42000]: Syntax error or access violation: 1064 You have an error in your SQL syntax; check the manual that corresponds to your MariaDB server version for the right syntax to use near '//     UNION ALL

// SELECT 
//     id, 
//     title, 
//     NULL AS file_n...' at line 11
[2025-05-21 10:16:13] Database error: SQLSTATE[42000]: Syntax error or access violation: 1064 You have an error in your SQL syntax; check the manual that corresponds to your MariaDB server version for the right syntax to use near '//     UNION ALL

// SELECT 
//     id, 
//     title, 
//     NULL AS file_n...' at line 11
[2025-05-21 10:25:55] Database error: SQLSTATE[42000]: Syntax error or access violation: 1064 You have an error in your SQL syntax; check the manual that corresponds to your MariaDB server version for the right syntax to use near '//     UNION ALL

// SELECT 
//     id, 
//     title, 
//     NULL AS file_n...' at line 11
[2025-05-21 10:26:02] Database error: SQLSTATE[42000]: Syntax error or access violation: 1064 You have an error in your SQL syntax; check the manual that corresponds to your MariaDB server version for the right syntax to use near '//     UNION ALL

// SELECT 
//     id, 
//     title, 
//     NULL AS file_n...' at line 11
[2025-05-21 10:27:50] Database error: SQLSTATE[HY093]: Invalid parameter number: number of bound variables does not match number of tokens
[2025-05-21 10:32:32] Database error: SQLSTATE[HY093]: Invalid parameter number: number of bound variables does not match number of tokens
[2025-05-21 14:03:56] Error: Target directory doesn't exist and couldn't be created
[2025-05-21 14:04:49] Error: Failed to move uploaded file to ../../uploads/file_682dc161cb832.png
[2025-05-21 14:05:49] Error: Failed to create folder directory at: ../../uploads/no need
[2025-05-21 14:06:43] Error: Target directory doesn't exist and couldn't be created
[2025-05-22 02:53:09] Database error: SQLSTATE[42S22]: Column not found: 1054 Unknown column 'size' in 'field list'
[2025-05-22 02:53:15] Database error: SQLSTATE[42S22]: Column not found: 1054 Unknown column 'size' in 'field list'
[2025-05-22 02:53:19] Database error: SQLSTATE[42S22]: Column not found: 1054 Unknown column 'size' in 'field list'
[2025-05-22 02:53:36] Database error: SQLSTATE[42S22]: Column not found: 1054 Unknown column 'size' in 'field list'
[2025-05-22 03:02:43] Database error: SQLSTATE[42S22]: Column not found: 1054 Unknown column 'size' in 'field list'
[2025-05-22 03:02:50] Database error: SQLSTATE[42S22]: Column not found: 1054 Unknown column 'size' in 'field list'
[2025-05-22 03:02:55] Database error: SQLSTATE[42S22]: Column not found: 1054 Unknown column 'size' in 'field list'
[2025-05-22 03:02:57] Database error: SQLSTATE[42S22]: Column not found: 1054 Unknown column 'size' in 'field list'
[2025-05-22 03:07:22] Database error: SQLSTATE[42S22]: Column not found: 1054 Unknown column 'size' in 'field list'
[2025-05-22 03:07:22] Database error: SQLSTATE[42S22]: Column not found: 1054 Unknown column 'size' in 'field list'
[2025-05-22 03:07:31] Database error: SQLSTATE[42S22]: Column not found: 1054 Unknown column 'size' in 'field list'
[2025-05-22 03:07:31] Database error: SQLSTATE[42S22]: Column not found: 1054 Unknown column 'size' in 'field list'
[2025-05-22 03:07:36] Database error: SQLSTATE[42S22]: Column not found: 1054 Unknown column 'size' in 'field list'
[2025-05-22 03:07:36] Database error: SQLSTATE[42S22]: Column not found: 1054 Unknown column 'size' in 'field list'
[2025-05-22 03:09:03] Database error: SQLSTATE[42S22]: Column not found: 1054 Unknown column 'size' in 'field list'
[2025-05-22 03:09:03] Database error: SQLSTATE[42S22]: Column not found: 1054 Unknown column 'size' in 'field list'
[2025-05-22 03:15:27] Database error: SQLSTATE[42S22]: Column not found: 1054 Unknown column 'size' in 'field list'
[2025-05-22 03:15:39] Database error: SQLSTATE[42S22]: Column not found: 1054 Unknown column 'size' in 'field list'
[2025-05-22 03:15:41] Database error: SQLSTATE[42S22]: Column not found: 1054 Unknown column 'size' in 'field list'
[2025-05-22 03:15:43] Database error: SQLSTATE[42S22]: Column not found: 1054 Unknown column 'size' in 'field list'
[2025-05-22 07:55:36] Database error: SQLSTATE[42S22]: Column not found: 1054 Unknown column 'size' in 'field list'
[2025-05-22 20:03:23] Database error: SQLSTATE[42S22]: Column not found: 1054 Unknown column 'size' in 'field list'
[2025-05-22 20:46:52] Database error: SQLSTATE[42S22]: Column not found: 1054 Unknown column 'folder_id' in 'field list'
